<?xml version="1.0" encoding="UTF-8"?>
<!-- Generated by org.testng.reporters.JUnitXMLReporter -->
<testsuite ignored="1" hostname="INN14U-HL141" failures="0" tests="4" name="newissue_test" time="3.077" errors="0" timestamp="2021-08-12T16:49:12 IST">
  <testcase classname="Test.newissue_test" name="clickonnewissuebtn" time="1.022"/>
  <testcase classname="Test.newissue_test" name="filltitlebox" time="1.022"/>
  <testcase classname="Test.newissue_test" name="fillissuebox" time="1.016"/>
  <testcase classname="Test.newissue_test" name="clickonsubmit_btn" time="0.012"/>
  <testcase classname="Test.newissue_test" name="filltitlebox_vrfy" time="0.0">
    <ignored/>
  </testcase> <!-- filltitlebox_vrfy -->
</testsuite> <!-- newissue_test -->
