<?xml version="1.0" encoding="UTF-8"?>
<!-- Generated by org.testng.reporters.JUnitXMLReporter -->
<testsuite ignored="0" hostname="INN14U-HL141" failures="0" tests="4" name="REIssue_test" time="0.047" errors="0" timestamp="2021-08-12T16:49:12 IST">
  <testcase classname="Test.REIssue_test" name="clickonreissuebtn" time="0.012"/>
  <testcase classname="Test.REIssue_test" name="fillissuetitle" time="0.012"/>
  <testcase classname="Test.REIssue_test" name="fillcommentbox" time="0.008"/>
  <testcase classname="Test.REIssue_test" name="clickonnewissuebtn" time="0.009"/>
</testsuite> <!-- REIssue_test -->
