<?xml version="1.0" encoding="UTF-8"?>
<!-- Generated by org.testng.reporters.JUnitXMLReporter -->
<testsuite ignored="0" hostname="INN14U-HL141" failures="0" tests="3" name="repository_test" time="5.594" errors="0" timestamp="2021-08-12T16:49:09 IST">
  <testcase classname="Test.repository_test" name="fillrepository_vrfy" time="0.072"/>
  <testcase classname="Test.repository_test" name="clickoncreaterepo" time="5.476"/>
  <testcase classname="Test.repository_test" name="clickonissue" time="0.043"/>
</testsuite> <!-- repository_test -->
