<?xml version="1.0" encoding="UTF-8"?>
<!-- Generated by org.testng.reporters.JUnitXMLReporter -->
<testsuite ignored="0" hostname="INN14U-HL141" failures="0" tests="3" name="setting_test" time="4.255" errors="0" timestamp="2021-08-12T16:49:17 IST">
  <testcase classname="Test.setting_test" name="clickonsetting" time="2.053"/>
  <testcase classname="Test.setting_test" name="clickondeleterepo" time="1.099"/>
  <testcase classname="Test.setting_test" name="clickondeletetext" time="1.101"/>
</testsuite> <!-- setting_test -->
