<?xml version="1.0" encoding="UTF-8"?>
<testng-results ignored="1" total="19" passed="18" failed="0" skipped="0">
  <reporter-output>
  </reporter-output>
  <suite started-at="2021-08-12T16:48:50 IST" name="geethub" finished-at="2021-08-12T16:49:17 IST" duration-ms="26655">
    <groups>
    </groups>
    <test started-at="2021-08-12T16:48:50 IST" name="login" finished-at="2021-08-12T16:48:58 IST" duration-ms="7782">
      <class name="Test.geethublogin_test">
        <test-method signature="GetLaunchUrl()[pri:1, instance:Test.geethublogin_test@77307458]" started-at="2021-08-12T16:48:50 IST" name="GetLaunchUrl" finished-at="2021-08-12T16:48:56 IST" duration-ms="5729" status="PASS">
          <reporter-output>
          </reporter-output>
        </test-method> <!-- GetLaunchUrl -->
        <test-method signature="clickonSign()[pri:2, instance:Test.geethublogin_test@77307458]" started-at="2021-08-12T16:48:56 IST" name="clickonSign" finished-at="2021-08-12T16:48:58 IST" duration-ms="2023" status="PASS">
          <reporter-output>
          </reporter-output>
        </test-method> <!-- clickonSign -->
      </class> <!-- Test.geethublogin_test -->
    </test> <!-- login -->
    <test started-at="2021-08-12T16:48:58 IST" name="textbox" finished-at="2021-08-12T16:49:01 IST" duration-ms="2799">
      <class name="Test.geethubtestbox_test">
        <test-method signature="filldetails()[pri:1, instance:Test.geethubtestbox_test@46c670a6]" started-at="2021-08-12T16:48:58 IST" name="filldetails" finished-at="2021-08-12T16:49:01 IST" duration-ms="2797" status="PASS">
          <reporter-output>
          </reporter-output>
        </test-method> <!-- filldetails -->
      </class> <!-- Test.geethubtestbox_test -->
    </test> <!-- textbox -->
    <test started-at="2021-08-12T16:49:01 IST" name="newbtn_test" finished-at="2021-08-12T16:49:04 IST" duration-ms="3029">
      <class name="Test.newbtn_test">
        <test-method signature="clickonnewbtn()[pri:1, instance:Test.newbtn_test@54709809]" started-at="2021-08-12T16:49:01 IST" name="clickonnewbtn" finished-at="2021-08-12T16:49:04 IST" duration-ms="3027" status="PASS">
          <reporter-output>
          </reporter-output>
        </test-method> <!-- clickonnewbtn -->
      </class> <!-- Test.newbtn_test -->
    </test> <!-- newbtn_test -->
    <test started-at="2021-08-12T16:49:04 IST" name="repository_test" finished-at="2021-08-12T16:49:09 IST" duration-ms="5594">
      <class name="Test.repository_test">
        <test-method signature="fillrepository_vrfy()[pri:1, instance:Test.repository_test@6cea706c]" started-at="2021-08-12T16:49:04 IST" name="fillrepository_vrfy" finished-at="2021-08-12T16:49:04 IST" duration-ms="72" status="PASS">
          <reporter-output>
          </reporter-output>
        </test-method> <!-- fillrepository_vrfy -->
        <test-method signature="clickoncreaterepo()[pri:2, instance:Test.repository_test@6cea706c]" started-at="2021-08-12T16:49:04 IST" name="clickoncreaterepo" finished-at="2021-08-12T16:49:09 IST" duration-ms="5476" status="PASS">
          <reporter-output>
          </reporter-output>
        </test-method> <!-- clickoncreaterepo -->
        <test-method signature="clickonissue()[pri:3, instance:Test.repository_test@6cea706c]" started-at="2021-08-12T16:49:09 IST" name="clickonissue" finished-at="2021-08-12T16:49:09 IST" duration-ms="43" status="PASS">
          <reporter-output>
          </reporter-output>
        </test-method> <!-- clickonissue -->
      </class> <!-- Test.repository_test -->
    </test> <!-- repository_test -->
    <test started-at="2021-08-12T16:49:09 IST" name="newissue_test" finished-at="2021-08-12T16:49:12 IST" duration-ms="3077">
      <class name="Test.newissue_test">
        <test-method signature="clickonnewissuebtn()[pri:1, instance:Test.newissue_test@29876704]" started-at="2021-08-12T16:49:09 IST" name="clickonnewissuebtn" finished-at="2021-08-12T16:49:10 IST" duration-ms="1022" status="PASS">
          <reporter-output>
          </reporter-output>
        </test-method> <!-- clickonnewissuebtn -->
        <test-method signature="filltitlebox()[pri:2, instance:Test.newissue_test@29876704]" started-at="2021-08-12T16:49:10 IST" name="filltitlebox" finished-at="2021-08-12T16:49:11 IST" duration-ms="1022" status="PASS">
          <reporter-output>
          </reporter-output>
        </test-method> <!-- filltitlebox -->
        <test-method signature="fillissuebox()[pri:3, instance:Test.newissue_test@29876704]" started-at="2021-08-12T16:49:11 IST" name="fillissuebox" finished-at="2021-08-12T16:49:12 IST" duration-ms="1016" status="PASS">
          <reporter-output>
          </reporter-output>
        </test-method> <!-- fillissuebox -->
        <test-method signature="clickonsubmit_btn()[pri:4, instance:Test.newissue_test@29876704]" started-at="2021-08-12T16:49:12 IST" name="clickonsubmit_btn" finished-at="2021-08-12T16:49:12 IST" duration-ms="12" status="PASS">
          <reporter-output>
          </reporter-output>
        </test-method> <!-- clickonsubmit_btn -->
      </class> <!-- Test.newissue_test -->
    </test> <!-- newissue_test -->
    <test started-at="2021-08-12T16:49:12 IST" name="REIssue_test" finished-at="2021-08-12T16:49:12 IST" duration-ms="47">
      <class name="Test.REIssue_test">
        <test-method signature="clickonreissuebtn()[pri:1, instance:Test.REIssue_test@2a76b80a]" started-at="2021-08-12T16:49:12 IST" name="clickonreissuebtn" finished-at="2021-08-12T16:49:12 IST" duration-ms="12" status="PASS">
          <reporter-output>
          </reporter-output>
        </test-method> <!-- clickonreissuebtn -->
        <test-method signature="fillissuetitle()[pri:2, instance:Test.REIssue_test@2a76b80a]" started-at="2021-08-12T16:49:12 IST" name="fillissuetitle" finished-at="2021-08-12T16:49:12 IST" duration-ms="12" status="PASS">
          <reporter-output>
          </reporter-output>
        </test-method> <!-- fillissuetitle -->
        <test-method signature="fillcommentbox()[pri:3, instance:Test.REIssue_test@2a76b80a]" started-at="2021-08-12T16:49:12 IST" name="fillcommentbox" finished-at="2021-08-12T16:49:12 IST" duration-ms="8" status="PASS">
          <reporter-output>
          </reporter-output>
        </test-method> <!-- fillcommentbox -->
        <test-method signature="clickonnewissuebtn()[pri:4, instance:Test.REIssue_test@2a76b80a]" started-at="2021-08-12T16:49:12 IST" name="clickonnewissuebtn" finished-at="2021-08-12T16:49:12 IST" duration-ms="9" status="PASS">
          <reporter-output>
          </reporter-output>
        </test-method> <!-- clickonnewissuebtn -->
      </class> <!-- Test.REIssue_test -->
    </test> <!-- REIssue_test -->
    <test started-at="2021-08-12T16:49:12 IST" name="setting_test" finished-at="2021-08-12T16:49:17 IST" duration-ms="4255">
      <class name="Test.setting_test">
        <test-method signature="clickonsetting()[pri:1, instance:Test.setting_test@4da855dd]" started-at="2021-08-12T16:49:12 IST" name="clickonsetting" finished-at="2021-08-12T16:49:14 IST" duration-ms="2053" status="PASS">
          <reporter-output>
          </reporter-output>
        </test-method> <!-- clickonsetting -->
        <test-method signature="clickondeleterepo()[pri:2, instance:Test.setting_test@4da855dd]" started-at="2021-08-12T16:49:14 IST" name="clickondeleterepo" finished-at="2021-08-12T16:49:16 IST" duration-ms="1099" status="PASS">
          <reporter-output>
          </reporter-output>
        </test-method> <!-- clickondeleterepo -->
        <test-method signature="clickondeletetext()[pri:3, instance:Test.setting_test@4da855dd]" started-at="2021-08-12T16:49:16 IST" name="clickondeletetext" finished-at="2021-08-12T16:49:17 IST" duration-ms="1101" status="PASS">
          <reporter-output>
          </reporter-output>
        </test-method> <!-- clickondeletetext -->
      </class> <!-- Test.setting_test -->
    </test> <!-- setting_test -->
  </suite> <!-- geethub -->
</testng-results>
